k:\univercity\year 3\game project design and plan\gameengine2015updates\gameengine 2015\gameengine\debug\gameengine.pdb
k:\univercity\year 3\game project design and plan\gameengine2015updates\gameengine 2015\gameengine\debug\gameengine.idb
k:\univercity\year 3\game project design and plan\gameengine2015updates\gameengine 2015\gameengine\debug\audiomanager.obj
k:\univercity\year 3\game project design and plan\gameengine2015updates\gameengine 2015\gameengine\debug\camera.obj
k:\univercity\year 3\game project design and plan\gameengine2015updates\gameengine 2015\gameengine\debug\clock.obj
k:\univercity\year 3\game project design and plan\gameengine2015updates\gameengine 2015\gameengine\debug\gamecontext.obj
k:\univercity\year 3\game project design and plan\gameengine2015updates\gameengine 2015\gameengine\debug\gameengine.obj
k:\univercity\year 3\game project design and plan\gameengine2015updates\gameengine 2015\gameengine\debug\glslprogram.obj
k:\univercity\year 3\game project design and plan\gameengine2015updates\gameengine 2015\gameengine\debug\inputmanager.obj
k:\univercity\year 3\game project design and plan\gameengine2015updates\gameengine 2015\gameengine\debug\particlebatch2d.obj
k:\univercity\year 3\game project design and plan\gameengine2015updates\gameengine 2015\gameengine\debug\particleengine.obj
k:\univercity\year 3\game project design and plan\gameengine2015updates\gameengine 2015\gameengine\debug\audioenginewrapper.obj
k:\univercity\year 3\game project design and plan\gameengine2015updates\gameengine 2015\gameengine\debug\utility.obj
k:\univercity\year 3\game project design and plan\gameengine2015updates\gameengine 2015\gameengine\debug\resourcemanager.obj
k:\univercity\year 3\game project design and plan\gameengine2015updates\gameengine 2015\gameengine\debug\sprite.obj
k:\univercity\year 3\game project design and plan\gameengine2015updates\gameengine 2015\gameengine\debug\spritebatch.obj
k:\univercity\year 3\game project design and plan\gameengine2015updates\gameengine 2015\gameengine\debug\spritefont.obj
k:\univercity\year 3\game project design and plan\gameengine2015updates\gameengine 2015\gameengine\debug\texturemanager.obj
k:\univercity\year 3\game project design and plan\gameengine2015updates\gameengine 2015\gameengine\debug\time.obj
k:\univercity\year 3\game project design and plan\gameengine2015updates\gameengine 2015\gameengine\debug\window.obj
k:\univercity\year 3\game project design and plan\gameengine2015updates\gameengine 2015\debug\gameengine.lib
k:\univercity\year 3\game project design and plan\gameengine2015updates\gameengine 2015\debug\gameengine.pdb
k:\univercity\year 3\game project design and plan\gameengine2015updates\gameengine 2015\gameengine\debug\gameengine.tlog\cl.read.1.tlog
k:\univercity\year 3\game project design and plan\gameengine2015updates\gameengine 2015\gameengine\debug\gameengine.tlog\cl.write.1.tlog
k:\univercity\year 3\game project design and plan\gameengine2015updates\gameengine 2015\gameengine\debug\gameengine.tlog\cl.command.1.tlog
k:\univercity\year 3\game project design and plan\gameengine2015updates\gameengine 2015\gameengine\debug\gameengine.tlog\lib-link.read.1.tlog
k:\univercity\year 3\game project design and plan\gameengine2015updates\gameengine 2015\gameengine\debug\gameengine.tlog\lib-link.write.1.tlog
k:\univercity\year 3\game project design and plan\gameengine2015updates\gameengine 2015\gameengine\debug\gameengine.tlog\lib.command.1.tlog
